CRITICAL - 2022-06-24 04:07:16 --> Undefined index: name
in APPPATH\Views\layout\dashboard-layout.php on line 178.
 1 APPPATH\Views\layout\dashboard-layout.php(178): CodeIgniter\Debug\Exceptions->errorHandler(8, 'Undefined index: name', 'APPPATH\\Views\\layout\\dashboard-layout.php', 178, [...])
 2 SYSTEMPATH\View\View.php(213): include('APPPATH\\Views\\layout\\dashboard-layout.php')
 3 SYSTEMPATH\View\View.php(216): CodeIgniter\View\View->CodeIgniter\View\{closure}()
 4 SYSTEMPATH\View\View.php(229): CodeIgniter\View\View->render('layout/dashboard-layout', [], true)
 5 SYSTEMPATH\Common.php(1135): CodeIgniter\View\View->render('users/index', [], true)
 6 APPPATH\Controllers\Auth.php(167): view('users/index', [...])
 7 SYSTEMPATH\CodeIgniter.php(896): App\Controllers\Auth->getUser()
 8 SYSTEMPATH\CodeIgniter.php(466): CodeIgniter\CodeIgniter->runController(Object(App\Controllers\Auth))
 9 SYSTEMPATH\CodeIgniter.php(349): CodeIgniter\CodeIgniter->handleRequest(null, Object(Config\Cache), false)
10 FCPATH\index.php(55): CodeIgniter\CodeIgniter->run()
11 SYSTEMPATH\Commands\Server\rewrite.php(43): require_once('FCPATH\\index.php')
CRITICAL - 2022-06-24 04:07:45 --> Undefined index: name
in APPPATH\Views\layout\dashboard-layout.php on line 178.
 1 APPPATH\Views\layout\dashboard-layout.php(178): CodeIgniter\Debug\Exceptions->errorHandler(8, 'Undefined index: name', 'APPPATH\\Views\\layout\\dashboard-layout.php', 178, [...])
 2 SYSTEMPATH\View\View.php(213): include('APPPATH\\Views\\layout\\dashboard-layout.php')
 3 SYSTEMPATH\View\View.php(216): CodeIgniter\View\View->CodeIgniter\View\{closure}()
 4 SYSTEMPATH\View\View.php(229): CodeIgniter\View\View->render('layout/dashboard-layout', [], true)
 5 SYSTEMPATH\Common.php(1135): CodeIgniter\View\View->render('users/index', [], true)
 6 APPPATH\Controllers\Auth.php(167): view('users/index', [...])
 7 SYSTEMPATH\CodeIgniter.php(896): App\Controllers\Auth->getUser()
 8 SYSTEMPATH\CodeIgniter.php(466): CodeIgniter\CodeIgniter->runController(Object(App\Controllers\Auth))
 9 SYSTEMPATH\CodeIgniter.php(349): CodeIgniter\CodeIgniter->handleRequest(null, Object(Config\Cache), false)
10 FCPATH\index.php(55): CodeIgniter\CodeIgniter->run()
11 SYSTEMPATH\Commands\Server\rewrite.php(43): require_once('FCPATH\\index.php')
CRITICAL - 2022-06-24 04:31:15 --> syntax error, unexpected 'if' (T_IF)
in APPPATH\Views\users\index.php on line 44.
 1 SYSTEMPATH\View\View.php(216): CodeIgniter\View\View->CodeIgniter\View\{closure}()
 2 SYSTEMPATH\Common.php(1135): CodeIgniter\View\View->render('users/index', [], true)
 3 APPPATH\Controllers\Auth.php(167): view('users/index', [...])
 4 SYSTEMPATH\CodeIgniter.php(896): App\Controllers\Auth->getUser()
 5 SYSTEMPATH\CodeIgniter.php(466): CodeIgniter\CodeIgniter->runController(Object(App\Controllers\Auth))
 6 SYSTEMPATH\CodeIgniter.php(349): CodeIgniter\CodeIgniter->handleRequest(null, Object(Config\Cache), false)
 7 FCPATH\index.php(55): CodeIgniter\CodeIgniter->run()
 8 SYSTEMPATH\Commands\Server\rewrite.php(43): require_once('FCPATH\\index.php')
CRITICAL - 2022-06-24 06:32:50 --> Undefined index: name
in APPPATH\Views\layout\dashboard-layout.php on line 178.
 1 APPPATH\Views\layout\dashboard-layout.php(178): CodeIgniter\Debug\Exceptions->errorHandler(8, 'Undefined index: name', 'APPPATH\\Views\\layout\\dashboard-layout.php', 178, [...])
 2 SYSTEMPATH\View\View.php(213): include('APPPATH\\Views\\layout\\dashboard-layout.php')
 3 SYSTEMPATH\View\View.php(216): CodeIgniter\View\View->CodeIgniter\View\{closure}()
 4 SYSTEMPATH\View\View.php(229): CodeIgniter\View\View->render('layout/dashboard-layout', [], true)
 5 SYSTEMPATH\Common.php(1135): CodeIgniter\View\View->render('users/index', [], true)
 6 APPPATH\Controllers\Auth.php(167): view('users/index', [...])
 7 SYSTEMPATH\CodeIgniter.php(896): App\Controllers\Auth->getUser()
 8 SYSTEMPATH\CodeIgniter.php(466): CodeIgniter\CodeIgniter->runController(Object(App\Controllers\Auth))
 9 SYSTEMPATH\CodeIgniter.php(349): CodeIgniter\CodeIgniter->handleRequest(null, Object(Config\Cache), false)
10 FCPATH\index.php(55): CodeIgniter\CodeIgniter->run()
11 SYSTEMPATH\Commands\Server\rewrite.php(43): require_once('FCPATH\\index.php')
CRITICAL - 2022-06-24 06:40:03 --> Undefined index: name
in APPPATH\Views\layout\dashboard-layout.php on line 178.
 1 APPPATH\Views\layout\dashboard-layout.php(178): CodeIgniter\Debug\Exceptions->errorHandler(8, 'Undefined index: name', 'APPPATH\\Views\\layout\\dashboard-layout.php', 178, [...])
 2 SYSTEMPATH\View\View.php(213): include('APPPATH\\Views\\layout\\dashboard-layout.php')
 3 SYSTEMPATH\View\View.php(216): CodeIgniter\View\View->CodeIgniter\View\{closure}()
 4 SYSTEMPATH\View\View.php(229): CodeIgniter\View\View->render('layout/dashboard-layout', [], true)
 5 SYSTEMPATH\Common.php(1135): CodeIgniter\View\View->render('users/index', [], true)
 6 APPPATH\Controllers\Auth.php(167): view('users/index', [...])
 7 SYSTEMPATH\CodeIgniter.php(896): App\Controllers\Auth->getUser()
 8 SYSTEMPATH\CodeIgniter.php(466): CodeIgniter\CodeIgniter->runController(Object(App\Controllers\Auth))
 9 SYSTEMPATH\CodeIgniter.php(349): CodeIgniter\CodeIgniter->handleRequest(null, Object(Config\Cache), false)
10 FCPATH\index.php(55): CodeIgniter\CodeIgniter->run()
11 SYSTEMPATH\Commands\Server\rewrite.php(43): require_once('FCPATH\\index.php')
