CRITICAL - 2022-06-19 21:42:30 --> syntax error, unexpected token "}", expecting ";"
in APPPATH\Controllers\Auth.php on line 28.
 1 SYSTEMPATH\Router\Router.php(499): CodeIgniter\Router\AutoRouter->getRoute('auth/save')
 2 SYSTEMPATH\Router\Router.php(205): CodeIgniter\Router\Router->autoRoute('auth/save')
 3 SYSTEMPATH\CodeIgniter.php(771): CodeIgniter\Router\Router->handle('auth/save')
 4 SYSTEMPATH\CodeIgniter.php(415): CodeIgniter\CodeIgniter->tryToRouteIt(Object(CodeIgniter\Router\RouteCollection))
 5 SYSTEMPATH\CodeIgniter.php(349): CodeIgniter\CodeIgniter->handleRequest(null, Object(Config\Cache), false)
 6 FCPATH\index.php(55): CodeIgniter\CodeIgniter->run()
 7 SYSTEMPATH\Commands\Server\rewrite.php(43): require_once('FCPATH\\index.php')
CRITICAL - 2022-06-19 21:42:45 --> Undefined constant "App\Controllers\validator"
in APPPATH\Controllers\Auth.php on line 27.
 1 SYSTEMPATH\CodeIgniter.php(896): App\Controllers\Auth->save()
 2 SYSTEMPATH\CodeIgniter.php(466): CodeIgniter\CodeIgniter->runController(Object(App\Controllers\Auth))
 3 SYSTEMPATH\CodeIgniter.php(349): CodeIgniter\CodeIgniter->handleRequest(null, Object(Config\Cache), false)
 4 FCPATH\index.php(55): CodeIgniter\CodeIgniter->run()
 5 SYSTEMPATH\Commands\Server\rewrite.php(43): require_once('FCPATH\\index.php')
CRITICAL - 2022-06-19 22:29:31 --> syntax error, unexpected token "=", expecting "]"
in APPPATH\Controllers\Auth.php on line 32.
 1 SYSTEMPATH\Router\Router.php(499): CodeIgniter\Router\AutoRouter->getRoute('auth')
 2 SYSTEMPATH\Router\Router.php(205): CodeIgniter\Router\Router->autoRoute('auth')
 3 SYSTEMPATH\CodeIgniter.php(771): CodeIgniter\Router\Router->handle('auth')
 4 SYSTEMPATH\CodeIgniter.php(415): CodeIgniter\CodeIgniter->tryToRouteIt(Object(CodeIgniter\Router\RouteCollection))
 5 SYSTEMPATH\CodeIgniter.php(349): CodeIgniter\CodeIgniter->handleRequest(null, Object(Config\Cache), false)
 6 FCPATH\index.php(55): CodeIgniter\CodeIgniter->run()
 7 SYSTEMPATH\Commands\Server\rewrite.php(43): require_once('FCPATH\\index.php')
CRITICAL - 2022-06-19 22:30:33 --> syntax error, unexpected single-quoted string "email", expecting "]"
in APPPATH\Controllers\Auth.php on line 38.
 1 SYSTEMPATH\Router\Router.php(499): CodeIgniter\Router\AutoRouter->getRoute('auth')
 2 SYSTEMPATH\Router\Router.php(205): CodeIgniter\Router\Router->autoRoute('auth')
 3 SYSTEMPATH\CodeIgniter.php(771): CodeIgniter\Router\Router->handle('auth')
 4 SYSTEMPATH\CodeIgniter.php(415): CodeIgniter\CodeIgniter->tryToRouteIt(Object(CodeIgniter\Router\RouteCollection))
 5 SYSTEMPATH\CodeIgniter.php(349): CodeIgniter\CodeIgniter->handleRequest(null, Object(Config\Cache), false)
 6 FCPATH\index.php(55): CodeIgniter\CodeIgniter->run()
 7 SYSTEMPATH\Commands\Server\rewrite.php(43): require_once('FCPATH\\index.php')
CRITICAL - 2022-06-19 22:45:38 --> Undefined variable $password
in APPPATH\Controllers\Auth.php on line 77.
 1 APPPATH\Controllers\Auth.php(77): CodeIgniter\Debug\Exceptions->errorHandler(2, 'Undefined variable $password', 'APPPATH\\Controllers\\Auth.php', 77)
 2 SYSTEMPATH\CodeIgniter.php(896): App\Controllers\Auth->save()
 3 SYSTEMPATH\CodeIgniter.php(466): CodeIgniter\CodeIgniter->runController(Object(App\Controllers\Auth))
 4 SYSTEMPATH\CodeIgniter.php(349): CodeIgniter\CodeIgniter->handleRequest(null, Object(Config\Cache), false)
 5 FCPATH\index.php(55): CodeIgniter\CodeIgniter->run()
 6 SYSTEMPATH\Commands\Server\rewrite.php(43): require_once('FCPATH\\index.php')
CRITICAL - 2022-06-19 22:45:55 --> Class "App\Controllers\UsersModel" not found
in APPPATH\Controllers\Auth.php on line 80.
 1 SYSTEMPATH\CodeIgniter.php(896): App\Controllers\Auth->save()
 2 SYSTEMPATH\CodeIgniter.php(466): CodeIgniter\CodeIgniter->runController(Object(App\Controllers\Auth))
 3 SYSTEMPATH\CodeIgniter.php(349): CodeIgniter\CodeIgniter->handleRequest(null, Object(Config\Cache), false)
 4 FCPATH\index.php(55): CodeIgniter\CodeIgniter->run()
 5 SYSTEMPATH\Commands\Server\rewrite.php(43): require_once('FCPATH\\index.php')
CRITICAL - 2022-06-19 22:46:40 --> Class "Models\UsersModel" not found
in APPPATH\Controllers\Auth.php on line 80.
 1 SYSTEMPATH\CodeIgniter.php(896): App\Controllers\Auth->save()
 2 SYSTEMPATH\CodeIgniter.php(466): CodeIgniter\CodeIgniter->runController(Object(App\Controllers\Auth))
 3 SYSTEMPATH\CodeIgniter.php(349): CodeIgniter\CodeIgniter->handleRequest(null, Object(Config\Cache), false)
 4 FCPATH\index.php(55): CodeIgniter\CodeIgniter->run()
 5 SYSTEMPATH\Commands\Server\rewrite.php(43): require_once('FCPATH\\index.php')
CRITICAL - 2022-06-19 22:50:51 --> Class "App\Model\UsersModel" not found
in APPPATH\Controllers\Auth.php on line 80.
 1 SYSTEMPATH\CodeIgniter.php(896): App\Controllers\Auth->save()
 2 SYSTEMPATH\CodeIgniter.php(466): CodeIgniter\CodeIgniter->runController(Object(App\Controllers\Auth))
 3 SYSTEMPATH\CodeIgniter.php(349): CodeIgniter\CodeIgniter->handleRequest(null, Object(Config\Cache), false)
 4 FCPATH\index.php(55): CodeIgniter\CodeIgniter->run()
 5 SYSTEMPATH\Commands\Server\rewrite.php(43): require_once('FCPATH\\index.php')
CRITICAL - 2022-06-19 22:53:13 --> Undefined variable $usersModel
in APPPATH\Controllers\Auth.php on line 81.
 1 APPPATH\Controllers\Auth.php(81): CodeIgniter\Debug\Exceptions->errorHandler(2, 'Undefined variable $usersModel', 'APPPATH\\Controllers\\Auth.php', 81)
 2 SYSTEMPATH\CodeIgniter.php(896): App\Controllers\Auth->save()
 3 SYSTEMPATH\CodeIgniter.php(466): CodeIgniter\CodeIgniter->runController(Object(App\Controllers\Auth))
 4 SYSTEMPATH\CodeIgniter.php(349): CodeIgniter\CodeIgniter->handleRequest(null, Object(Config\Cache), false)
 5 FCPATH\index.php(55): CodeIgniter\CodeIgniter->run()
 6 SYSTEMPATH\Commands\Server\rewrite.php(43): require_once('FCPATH\\index.php')
CRITICAL - 2022-06-19 22:54:57 --> Undefined variable $value
in APPPATH\Controllers\Auth.php on line 81.
 1 APPPATH\Controllers\Auth.php(81): CodeIgniter\Debug\Exceptions->errorHandler(2, 'Undefined variable $value', 'APPPATH\\Controllers\\Auth.php', 81)
 2 SYSTEMPATH\CodeIgniter.php(896): App\Controllers\Auth->save()
 3 SYSTEMPATH\CodeIgniter.php(466): CodeIgniter\CodeIgniter->runController(Object(App\Controllers\Auth))
 4 SYSTEMPATH\CodeIgniter.php(349): CodeIgniter\CodeIgniter->handleRequest(null, Object(Config\Cache), false)
 5 FCPATH\index.php(55): CodeIgniter\CodeIgniter->run()
 6 SYSTEMPATH\Commands\Server\rewrite.php(43): require_once('FCPATH\\index.php')
CRITICAL - 2022-06-19 22:57:02 --> Undefined variable $value
in APPPATH\Controllers\Auth.php on line 81.
 1 APPPATH\Controllers\Auth.php(81): CodeIgniter\Debug\Exceptions->errorHandler(2, 'Undefined variable $value', 'APPPATH\\Controllers\\Auth.php', 81)
 2 SYSTEMPATH\CodeIgniter.php(896): App\Controllers\Auth->save()
 3 SYSTEMPATH\CodeIgniter.php(466): CodeIgniter\CodeIgniter->runController(Object(App\Controllers\Auth))
 4 SYSTEMPATH\CodeIgniter.php(349): CodeIgniter\CodeIgniter->handleRequest(null, Object(Config\Cache), false)
 5 FCPATH\index.php(55): CodeIgniter\CodeIgniter->run()
 6 SYSTEMPATH\Commands\Server\rewrite.php(43): require_once('FCPATH\\index.php')
