CRITICAL - 2022-06-23 19:47:21 --> Call to a member function findAll() on null
in APPPATH\Controllers\Auth.php on line 161.
 1 SYSTEMPATH\CodeIgniter.php(896): App\Controllers\Auth->getUser()
 2 SYSTEMPATH\CodeIgniter.php(466): CodeIgniter\CodeIgniter->runController(Object(App\Controllers\Auth))
 3 SYSTEMPATH\CodeIgniter.php(349): CodeIgniter\CodeIgniter->handleRequest(null, Object(Config\Cache), false)
 4 FCPATH\index.php(55): CodeIgniter\CodeIgniter->run()
 5 SYSTEMPATH\Commands\Server\rewrite.php(43): require_once('FCPATH\\index.php')
CRITICAL - 2022-06-23 19:52:49 --> Array to string conversion
in APPPATH\Controllers\Auth.php on line 161.
 1 APPPATH\Controllers\Auth.php(161): CodeIgniter\Debug\Exceptions->errorHandler(8, 'Array to string conversion', 'APPPATH\\Controllers\\Auth.php', 161, [...])
 2 SYSTEMPATH\CodeIgniter.php(896): App\Controllers\Auth->getUser()
 3 SYSTEMPATH\CodeIgniter.php(466): CodeIgniter\CodeIgniter->runController(Object(App\Controllers\Auth))
 4 SYSTEMPATH\CodeIgniter.php(349): CodeIgniter\CodeIgniter->handleRequest(null, Object(Config\Cache), false)
 5 FCPATH\index.php(55): CodeIgniter\CodeIgniter->run()
 6 SYSTEMPATH\Commands\Server\rewrite.php(43): require_once('FCPATH\\index.php')
CRITICAL - 2022-06-23 19:57:22 --> Undefined variable: users
in APPPATH\Views\users\index.php on line 17.
 1 APPPATH\Views\users\index.php(17): CodeIgniter\Debug\Exceptions->errorHandler(8, 'Undefined variable: users', 'APPPATH\\Views\\users\\index.php', 17, [])
 2 SYSTEMPATH\View\View.php(213): include('APPPATH\\Views\\users\\index.php')
 3 SYSTEMPATH\View\View.php(216): CodeIgniter\View\View->CodeIgniter\View\{closure}()
 4 SYSTEMPATH\Common.php(1135): CodeIgniter\View\View->render('users/index', [], true)
 5 APPPATH\Controllers\Auth.php(162): view('users/index')
 6 SYSTEMPATH\CodeIgniter.php(896): App\Controllers\Auth->getUser()
 7 SYSTEMPATH\CodeIgniter.php(466): CodeIgniter\CodeIgniter->runController(Object(App\Controllers\Auth))
 8 SYSTEMPATH\CodeIgniter.php(349): CodeIgniter\CodeIgniter->handleRequest(null, Object(Config\Cache), false)
 9 FCPATH\index.php(55): CodeIgniter\CodeIgniter->run()
10 SYSTEMPATH\Commands\Server\rewrite.php(43): require_once('FCPATH\\index.php')
CRITICAL - 2022-06-23 20:03:34 --> Illegal string offset 'name'
in APPPATH\Views\users\index.php on line 19.
 1 APPPATH\Views\users\index.php(19): CodeIgniter\Debug\Exceptions->errorHandler(2, 'Illegal string offset \'name\'', 'APPPATH\\Views\\users\\index.php', 19, [...])
 2 SYSTEMPATH\View\View.php(213): include('APPPATH\\Views\\users\\index.php')
 3 SYSTEMPATH\View\View.php(216): CodeIgniter\View\View->CodeIgniter\View\{closure}()
 4 SYSTEMPATH\Common.php(1135): CodeIgniter\View\View->render('users/index', [], true)
 5 APPPATH\Controllers\Auth.php(162): view('users/index', [...])
 6 SYSTEMPATH\CodeIgniter.php(896): App\Controllers\Auth->getUser()
 7 SYSTEMPATH\CodeIgniter.php(466): CodeIgniter\CodeIgniter->runController(Object(App\Controllers\Auth))
 8 SYSTEMPATH\CodeIgniter.php(349): CodeIgniter\CodeIgniter->handleRequest(null, Object(Config\Cache), false)
 9 FCPATH\index.php(55): CodeIgniter\CodeIgniter->run()
10 SYSTEMPATH\Commands\Server\rewrite.php(43): require_once('FCPATH\\index.php')
CRITICAL - 2022-06-23 20:03:55 --> Array to string conversion
in APPPATH\Controllers\Auth.php on line 161.
 1 APPPATH\Controllers\Auth.php(161): CodeIgniter\Debug\Exceptions->errorHandler(8, 'Array to string conversion', 'APPPATH\\Controllers\\Auth.php', 161, [...])
 2 SYSTEMPATH\CodeIgniter.php(896): App\Controllers\Auth->getUser()
 3 SYSTEMPATH\CodeIgniter.php(466): CodeIgniter\CodeIgniter->runController(Object(App\Controllers\Auth))
 4 SYSTEMPATH\CodeIgniter.php(349): CodeIgniter\CodeIgniter->handleRequest(null, Object(Config\Cache), false)
 5 FCPATH\index.php(55): CodeIgniter\CodeIgniter->run()
 6 SYSTEMPATH\Commands\Server\rewrite.php(43): require_once('FCPATH\\index.php')
CRITICAL - 2022-06-23 20:14:20 --> Undefined variable: data
in APPPATH\Controllers\Auth.php on line 163.
 1 APPPATH\Controllers\Auth.php(163): CodeIgniter\Debug\Exceptions->errorHandler(8, 'Undefined variable: data', 'APPPATH\\Controllers\\Auth.php', 163, [...])
 2 SYSTEMPATH\CodeIgniter.php(896): App\Controllers\Auth->getUser()
 3 SYSTEMPATH\CodeIgniter.php(466): CodeIgniter\CodeIgniter->runController(Object(App\Controllers\Auth))
 4 SYSTEMPATH\CodeIgniter.php(349): CodeIgniter\CodeIgniter->handleRequest(null, Object(Config\Cache), false)
 5 FCPATH\index.php(55): CodeIgniter\CodeIgniter->run()
 6 SYSTEMPATH\Commands\Server\rewrite.php(43): require_once('FCPATH\\index.php')
CRITICAL - 2022-06-23 20:16:20 --> syntax error, unexpected 'return' (T_RETURN)
in APPPATH\Controllers\Auth.php on line 164.
 1 SYSTEMPATH\Router\Router.php(499): CodeIgniter\Router\AutoRouter->getRoute('auth/getuser')
 2 SYSTEMPATH\Router\Router.php(205): CodeIgniter\Router\Router->autoRoute('auth/getuser')
 3 SYSTEMPATH\CodeIgniter.php(771): CodeIgniter\Router\Router->handle('auth/getuser')
 4 SYSTEMPATH\CodeIgniter.php(415): CodeIgniter\CodeIgniter->tryToRouteIt(Object(CodeIgniter\Router\RouteCollection))
 5 SYSTEMPATH\CodeIgniter.php(349): CodeIgniter\CodeIgniter->handleRequest(null, Object(Config\Cache), false)
 6 FCPATH\index.php(55): CodeIgniter\CodeIgniter->run()
 7 SYSTEMPATH\Commands\Server\rewrite.php(43): require_once('FCPATH\\index.php')
CRITICAL - 2022-06-23 20:16:45 --> Undefined variable: userInfo
in APPPATH\Views\layout\dashboard-layout.php on line 177.
 1 APPPATH\Views\layout\dashboard-layout.php(177): CodeIgniter\Debug\Exceptions->errorHandler(8, 'Undefined variable: userInfo', 'APPPATH\\Views\\layout\\dashboard-layout.php', 177, [...])
 2 SYSTEMPATH\View\View.php(213): include('APPPATH\\Views\\layout\\dashboard-layout.php')
 3 SYSTEMPATH\View\View.php(216): CodeIgniter\View\View->CodeIgniter\View\{closure}()
 4 SYSTEMPATH\View\View.php(229): CodeIgniter\View\View->render('layout/dashboard-layout', [], true)
 5 SYSTEMPATH\Common.php(1135): CodeIgniter\View\View->render('users/index', [], true)
 6 APPPATH\Controllers\Auth.php(164): view('users/index', [...])
 7 SYSTEMPATH\CodeIgniter.php(896): App\Controllers\Auth->getUser()
 8 SYSTEMPATH\CodeIgniter.php(466): CodeIgniter\CodeIgniter->runController(Object(App\Controllers\Auth))
 9 SYSTEMPATH\CodeIgniter.php(349): CodeIgniter\CodeIgniter->handleRequest(null, Object(Config\Cache), false)
10 FCPATH\index.php(55): CodeIgniter\CodeIgniter->run()
11 SYSTEMPATH\Commands\Server\rewrite.php(43): require_once('FCPATH\\index.php')
CRITICAL - 2022-06-23 20:19:44 --> Undefined variable: userInfo
in APPPATH\Views\layout\dashboard-layout.php on line 177.
 1 APPPATH\Views\layout\dashboard-layout.php(177): CodeIgniter\Debug\Exceptions->errorHandler(8, 'Undefined variable: userInfo', 'APPPATH\\Views\\layout\\dashboard-layout.php', 177, [...])
 2 SYSTEMPATH\View\View.php(213): include('APPPATH\\Views\\layout\\dashboard-layout.php')
 3 SYSTEMPATH\View\View.php(216): CodeIgniter\View\View->CodeIgniter\View\{closure}()
 4 SYSTEMPATH\View\View.php(229): CodeIgniter\View\View->render('layout/dashboard-layout', [], true)
 5 SYSTEMPATH\Common.php(1135): CodeIgniter\View\View->render('users/index', [], true)
 6 APPPATH\Controllers\Auth.php(164): view('users/index', [...])
 7 SYSTEMPATH\CodeIgniter.php(896): App\Controllers\Auth->getUser()
 8 SYSTEMPATH\CodeIgniter.php(466): CodeIgniter\CodeIgniter->runController(Object(App\Controllers\Auth))
 9 SYSTEMPATH\CodeIgniter.php(349): CodeIgniter\CodeIgniter->handleRequest(null, Object(Config\Cache), false)
10 FCPATH\index.php(55): CodeIgniter\CodeIgniter->run()
11 SYSTEMPATH\Commands\Server\rewrite.php(43): require_once('FCPATH\\index.php')
CRITICAL - 2022-06-23 21:08:06 --> Undefined index: name
in APPPATH\Views\layout\dashboard-layout.php on line 177.
 1 APPPATH\Views\layout\dashboard-layout.php(177): CodeIgniter\Debug\Exceptions->errorHandler(8, 'Undefined index: name', 'APPPATH\\Views\\layout\\dashboard-layout.php', 177, [...])
 2 SYSTEMPATH\View\View.php(213): include('APPPATH\\Views\\layout\\dashboard-layout.php')
 3 SYSTEMPATH\View\View.php(216): CodeIgniter\View\View->CodeIgniter\View\{closure}()
 4 SYSTEMPATH\View\View.php(229): CodeIgniter\View\View->render('layout/dashboard-layout', [], true)
 5 SYSTEMPATH\Common.php(1135): CodeIgniter\View\View->render('users/index', [], true)
 6 APPPATH\Controllers\Auth.php(168): view('users/index', [...])
 7 SYSTEMPATH\CodeIgniter.php(896): App\Controllers\Auth->getUser()
 8 SYSTEMPATH\CodeIgniter.php(466): CodeIgniter\CodeIgniter->runController(Object(App\Controllers\Auth))
 9 SYSTEMPATH\CodeIgniter.php(349): CodeIgniter\CodeIgniter->handleRequest(null, Object(Config\Cache), false)
10 FCPATH\index.php(55): CodeIgniter\CodeIgniter->run()
11 SYSTEMPATH\Commands\Server\rewrite.php(43): require_once('FCPATH\\index.php')
CRITICAL - 2022-06-23 21:08:27 --> Undefined variable: data
in APPPATH\Controllers\Auth.php on line 163.
 1 APPPATH\Controllers\Auth.php(163): CodeIgniter\Debug\Exceptions->errorHandler(8, 'Undefined variable: data', 'APPPATH\\Controllers\\Auth.php', 163, [...])
 2 SYSTEMPATH\CodeIgniter.php(896): App\Controllers\Auth->getUser()
 3 SYSTEMPATH\CodeIgniter.php(466): CodeIgniter\CodeIgniter->runController(Object(App\Controllers\Auth))
 4 SYSTEMPATH\CodeIgniter.php(349): CodeIgniter\CodeIgniter->handleRequest(null, Object(Config\Cache), false)
 5 FCPATH\index.php(55): CodeIgniter\CodeIgniter->run()
 6 SYSTEMPATH\Commands\Server\rewrite.php(43): require_once('FCPATH\\index.php')
CRITICAL - 2022-06-23 21:09:04 --> Undefined index: name
in APPPATH\Views\layout\dashboard-layout.php on line 177.
 1 APPPATH\Views\layout\dashboard-layout.php(177): CodeIgniter\Debug\Exceptions->errorHandler(8, 'Undefined index: name', 'APPPATH\\Views\\layout\\dashboard-layout.php', 177, [...])
 2 SYSTEMPATH\View\View.php(213): include('APPPATH\\Views\\layout\\dashboard-layout.php')
 3 SYSTEMPATH\View\View.php(216): CodeIgniter\View\View->CodeIgniter\View\{closure}()
 4 SYSTEMPATH\View\View.php(229): CodeIgniter\View\View->render('layout/dashboard-layout', [], true)
 5 SYSTEMPATH\Common.php(1135): CodeIgniter\View\View->render('users/index', [], true)
 6 APPPATH\Controllers\Auth.php(168): view('users/index', [...])
 7 SYSTEMPATH\CodeIgniter.php(896): App\Controllers\Auth->getUser()
 8 SYSTEMPATH\CodeIgniter.php(466): CodeIgniter\CodeIgniter->runController(Object(App\Controllers\Auth))
 9 SYSTEMPATH\CodeIgniter.php(349): CodeIgniter\CodeIgniter->handleRequest(null, Object(Config\Cache), false)
10 FCPATH\index.php(55): CodeIgniter\CodeIgniter->run()
11 SYSTEMPATH\Commands\Server\rewrite.php(43): require_once('FCPATH\\index.php')
CRITICAL - 2022-06-23 21:10:35 --> Undefined variable: userInfo
in APPPATH\Views\layout\dashboard-layout.php on line 177.
 1 APPPATH\Views\layout\dashboard-layout.php(177): CodeIgniter\Debug\Exceptions->errorHandler(8, 'Undefined variable: userInfo', 'APPPATH\\Views\\layout\\dashboard-layout.php', 177, [...])
 2 SYSTEMPATH\View\View.php(213): include('APPPATH\\Views\\layout\\dashboard-layout.php')
 3 SYSTEMPATH\View\View.php(216): CodeIgniter\View\View->CodeIgniter\View\{closure}()
 4 SYSTEMPATH\View\View.php(229): CodeIgniter\View\View->render('layout/dashboard-layout', [], true)
 5 SYSTEMPATH\Common.php(1135): CodeIgniter\View\View->render('users/index', [], true)
 6 APPPATH\Controllers\Auth.php(168): view('users/index', [...])
 7 SYSTEMPATH\CodeIgniter.php(896): App\Controllers\Auth->getUser()
 8 SYSTEMPATH\CodeIgniter.php(466): CodeIgniter\CodeIgniter->runController(Object(App\Controllers\Auth))
 9 SYSTEMPATH\CodeIgniter.php(349): CodeIgniter\CodeIgniter->handleRequest(null, Object(Config\Cache), false)
10 FCPATH\index.php(55): CodeIgniter\CodeIgniter->run()
11 SYSTEMPATH\Commands\Server\rewrite.php(43): require_once('FCPATH\\index.php')
CRITICAL - 2022-06-23 21:30:51 --> Undefined variable: users
in APPPATH\Controllers\Auth.php on line 165.
 1 APPPATH\Controllers\Auth.php(165): CodeIgniter\Debug\Exceptions->errorHandler(8, 'Undefined variable: users', 'APPPATH\\Controllers\\Auth.php', 165, [...])
 2 SYSTEMPATH\CodeIgniter.php(896): App\Controllers\Auth->getUser()
 3 SYSTEMPATH\CodeIgniter.php(466): CodeIgniter\CodeIgniter->runController(Object(App\Controllers\Auth))
 4 SYSTEMPATH\CodeIgniter.php(349): CodeIgniter\CodeIgniter->handleRequest(null, Object(Config\Cache), false)
 5 FCPATH\index.php(55): CodeIgniter\CodeIgniter->run()
 6 SYSTEMPATH\Commands\Server\rewrite.php(43): require_once('FCPATH\\index.php')
