CRITICAL - 2022-06-27 00:24:10 --> view(): Argument #2 ($data) must be of type array, null given, called in C:\xampp\htdocs\login\app\Controllers\Auth.php on line 173
in SYSTEMPATH\Common.php on line 1121.
 1 APPPATH\Controllers\Auth.php(173): view('users/viewuser', null)
 2 SYSTEMPATH\CodeIgniter.php(896): App\Controllers\Auth->viewUser('$id')
 3 SYSTEMPATH\CodeIgniter.php(466): CodeIgniter\CodeIgniter->runController(Object(App\Controllers\Auth))
 4 SYSTEMPATH\CodeIgniter.php(349): CodeIgniter\CodeIgniter->handleRequest(null, Object(Config\Cache), false)
 5 FCPATH\index.php(55): CodeIgniter\CodeIgniter->run()
 6 SYSTEMPATH\Commands\Server\rewrite.php(43): require_once('FCPATH\\index.php')
CRITICAL - 2022-06-27 00:25:01 --> view(): Argument #2 ($data) must be of type array, null given, called in C:\xampp\htdocs\login\app\Controllers\Auth.php on line 173
in SYSTEMPATH\Common.php on line 1121.
 1 APPPATH\Controllers\Auth.php(173): view('users/viewuser', null)
 2 SYSTEMPATH\CodeIgniter.php(896): App\Controllers\Auth->viewUser('$id')
 3 SYSTEMPATH\CodeIgniter.php(466): CodeIgniter\CodeIgniter->runController(Object(App\Controllers\Auth))
 4 SYSTEMPATH\CodeIgniter.php(349): CodeIgniter\CodeIgniter->handleRequest(null, Object(Config\Cache), false)
 5 FCPATH\index.php(55): CodeIgniter\CodeIgniter->run()
 6 SYSTEMPATH\Commands\Server\rewrite.php(43): require_once('FCPATH\\index.php')
CRITICAL - 2022-06-27 00:26:01 --> Undefined variable $users
in APPPATH\Controllers\Auth.php on line 174.
 1 APPPATH\Controllers\Auth.php(174): CodeIgniter\Debug\Exceptions->errorHandler(2, 'Undefined variable $users', 'APPPATH\\Controllers\\Auth.php', 174)
 2 SYSTEMPATH\CodeIgniter.php(896): App\Controllers\Auth->viewUser('$id')
 3 SYSTEMPATH\CodeIgniter.php(466): CodeIgniter\CodeIgniter->runController(Object(App\Controllers\Auth))
 4 SYSTEMPATH\CodeIgniter.php(349): CodeIgniter\CodeIgniter->handleRequest(null, Object(Config\Cache), false)
 5 FCPATH\index.php(55): CodeIgniter\CodeIgniter->run()
 6 SYSTEMPATH\Commands\Server\rewrite.php(43): require_once('FCPATH\\index.php')
CRITICAL - 2022-06-27 00:26:16 --> foreach() argument must be of type array|object, null given
in APPPATH\Views\users\viewuser.php on line 15.
 1 APPPATH\Views\users\viewuser.php(15): CodeIgniter\Debug\Exceptions->errorHandler(2, 'foreach() argument must be of type array|object, null given', 'APPPATH\\Views\\users\\viewuser.php', 15)
 2 SYSTEMPATH\View\View.php(213): include('APPPATH\\Views\\users\\viewuser.php')
 3 SYSTEMPATH\View\View.php(216): CodeIgniter\View\View->CodeIgniter\View\{closure}()
 4 SYSTEMPATH\Common.php(1135): CodeIgniter\View\View->render('users/viewuser', [], true)
 5 APPPATH\Controllers\Auth.php(176): view('users/viewuser', [...])
 6 SYSTEMPATH\CodeIgniter.php(896): App\Controllers\Auth->viewUser('$id')
 7 SYSTEMPATH\CodeIgniter.php(466): CodeIgniter\CodeIgniter->runController(Object(App\Controllers\Auth))
 8 SYSTEMPATH\CodeIgniter.php(349): CodeIgniter\CodeIgniter->handleRequest(null, Object(Config\Cache), false)
 9 FCPATH\index.php(55): CodeIgniter\CodeIgniter->run()
10 SYSTEMPATH\Commands\Server\rewrite.php(43): require_once('FCPATH\\index.php')
CRITICAL - 2022-06-27 00:27:37 --> Cannot access offset of type string on string
in APPPATH\Views\users\viewuser.php on line 17.
 1 SYSTEMPATH\View\View.php(213): include()
 2 SYSTEMPATH\View\View.php(216): CodeIgniter\View\View->CodeIgniter\View\{closure}()
 3 SYSTEMPATH\Common.php(1135): CodeIgniter\View\View->render('users/viewuser', [], true)
 4 APPPATH\Controllers\Auth.php(176): view('users/viewuser', [...])
 5 SYSTEMPATH\CodeIgniter.php(896): App\Controllers\Auth->viewUser('1')
 6 SYSTEMPATH\CodeIgniter.php(466): CodeIgniter\CodeIgniter->runController(Object(App\Controllers\Auth))
 7 SYSTEMPATH\CodeIgniter.php(349): CodeIgniter\CodeIgniter->handleRequest(null, Object(Config\Cache), false)
 8 FCPATH\index.php(55): CodeIgniter\CodeIgniter->run()
 9 SYSTEMPATH\Commands\Server\rewrite.php(43): require_once('FCPATH\\index.php')
CRITICAL - 2022-06-27 00:27:47 --> Cannot access offset of type string on string
in APPPATH\Views\users\viewuser.php on line 17.
 1 SYSTEMPATH\View\View.php(213): include()
 2 SYSTEMPATH\View\View.php(216): CodeIgniter\View\View->CodeIgniter\View\{closure}()
 3 SYSTEMPATH\Common.php(1135): CodeIgniter\View\View->render('users/viewuser', [], true)
 4 APPPATH\Controllers\Auth.php(176): view('users/viewuser', [...])
 5 SYSTEMPATH\CodeIgniter.php(896): App\Controllers\Auth->viewUser('1')
 6 SYSTEMPATH\CodeIgniter.php(466): CodeIgniter\CodeIgniter->runController(Object(App\Controllers\Auth))
 7 SYSTEMPATH\CodeIgniter.php(349): CodeIgniter\CodeIgniter->handleRequest(null, Object(Config\Cache), false)
 8 FCPATH\index.php(55): CodeIgniter\CodeIgniter->run()
 9 SYSTEMPATH\Commands\Server\rewrite.php(43): require_once('FCPATH\\index.php')
CRITICAL - 2022-06-27 21:58:19 --> syntax error, unexpected token "=>", expecting ")"
in APPPATH\Models\UsersModel.php on line 24.
 1 SYSTEMPATH\Autoloader\Autoloader.php(261): CodeIgniter\Autoloader\Autoloader->includeFile('APPPATH\\Models\\UsersModel.php')
 2 SYSTEMPATH\Autoloader\Autoloader.php(239): CodeIgniter\Autoloader\Autoloader->loadInNamespace('App\\Models\\UsersModel')
 3 APPPATH\Libraries\MyAuth.php(11): CodeIgniter\Autoloader\Autoloader->loadClass('App\\Models\\UsersModel')
 4 APPPATH\Controllers\Auth.php(17): App\Libraries\MyAuth->__construct()
 5 SYSTEMPATH\CodeIgniter.php(858): App\Controllers\Auth->__construct()
 6 SYSTEMPATH\CodeIgniter.php(457): CodeIgniter\CodeIgniter->createController()
 7 SYSTEMPATH\CodeIgniter.php(349): CodeIgniter\CodeIgniter->handleRequest(null, Object(Config\Cache), false)
 8 FCPATH\index.php(55): CodeIgniter\CodeIgniter->run()
 9 SYSTEMPATH\Commands\Server\rewrite.php(43): require_once('FCPATH\\index.php')
CRITICAL - 2022-06-27 21:59:34 --> Undefined variable $users
in APPPATH\Views\users\viewuser.php on line 15.
 1 APPPATH\Views\users\viewuser.php(15): CodeIgniter\Debug\Exceptions->errorHandler(2, 'Undefined variable $users', 'APPPATH\\Views\\users\\viewuser.php', 15)
 2 SYSTEMPATH\View\View.php(213): include('APPPATH\\Views\\users\\viewuser.php')
 3 SYSTEMPATH\View\View.php(216): CodeIgniter\View\View->CodeIgniter\View\{closure}()
 4 SYSTEMPATH\Common.php(1135): CodeIgniter\View\View->render('users/viewuser', [], true)
 5 APPPATH\Controllers\Auth.php(174): view('users/viewuser', [...])
 6 SYSTEMPATH\CodeIgniter.php(896): App\Controllers\Auth->viewUser('1')
 7 SYSTEMPATH\CodeIgniter.php(466): CodeIgniter\CodeIgniter->runController(Object(App\Controllers\Auth))
 8 SYSTEMPATH\CodeIgniter.php(349): CodeIgniter\CodeIgniter->handleRequest(null, Object(Config\Cache), false)
 9 FCPATH\index.php(55): CodeIgniter\CodeIgniter->run()
10 SYSTEMPATH\Commands\Server\rewrite.php(43): require_once('FCPATH\\index.php')
CRITICAL - 2022-06-27 21:59:53 --> syntax error, unexpected token "}", expecting ";"
in APPPATH\Libraries\MyAuth.php on line 79.
 1 SYSTEMPATH\Autoloader\Autoloader.php(261): CodeIgniter\Autoloader\Autoloader->includeFile('APPPATH\\Libraries\\MyAuth.php')
 2 SYSTEMPATH\Autoloader\Autoloader.php(239): CodeIgniter\Autoloader\Autoloader->loadInNamespace('App\\Libraries\\MyAuth')
 3 APPPATH\Controllers\Auth.php(17): CodeIgniter\Autoloader\Autoloader->loadClass('App\\Libraries\\MyAuth')
 4 SYSTEMPATH\CodeIgniter.php(858): App\Controllers\Auth->__construct()
 5 SYSTEMPATH\CodeIgniter.php(457): CodeIgniter\CodeIgniter->createController()
 6 SYSTEMPATH\CodeIgniter.php(349): CodeIgniter\CodeIgniter->handleRequest(null, Object(Config\Cache), false)
 7 FCPATH\index.php(55): CodeIgniter\CodeIgniter->run()
 8 SYSTEMPATH\Commands\Server\rewrite.php(43): require_once('FCPATH\\index.php')
CRITICAL - 2022-06-27 22:00:10 --> Undefined variable $users
in APPPATH\Views\users\viewuser.php on line 15.
 1 APPPATH\Views\users\viewuser.php(15): CodeIgniter\Debug\Exceptions->errorHandler(2, 'Undefined variable $users', 'APPPATH\\Views\\users\\viewuser.php', 15)
 2 SYSTEMPATH\View\View.php(213): include('APPPATH\\Views\\users\\viewuser.php')
 3 SYSTEMPATH\View\View.php(216): CodeIgniter\View\View->CodeIgniter\View\{closure}()
 4 SYSTEMPATH\Common.php(1135): CodeIgniter\View\View->render('users/viewuser', [], true)
 5 APPPATH\Controllers\Auth.php(174): view('users/viewuser', [...])
 6 SYSTEMPATH\CodeIgniter.php(896): App\Controllers\Auth->viewUser('1')
 7 SYSTEMPATH\CodeIgniter.php(466): CodeIgniter\CodeIgniter->runController(Object(App\Controllers\Auth))
 8 SYSTEMPATH\CodeIgniter.php(349): CodeIgniter\CodeIgniter->handleRequest(null, Object(Config\Cache), false)
 9 FCPATH\index.php(55): CodeIgniter\CodeIgniter->run()
10 SYSTEMPATH\Commands\Server\rewrite.php(43): require_once('FCPATH\\index.php')
CRITICAL - 2022-06-27 22:00:31 --> Undefined variable $data
in APPPATH\Views\users\viewuser.php on line 15.
 1 APPPATH\Views\users\viewuser.php(15): CodeIgniter\Debug\Exceptions->errorHandler(2, 'Undefined variable $data', 'APPPATH\\Views\\users\\viewuser.php', 15)
 2 SYSTEMPATH\View\View.php(213): include('APPPATH\\Views\\users\\viewuser.php')
 3 SYSTEMPATH\View\View.php(216): CodeIgniter\View\View->CodeIgniter\View\{closure}()
 4 SYSTEMPATH\Common.php(1135): CodeIgniter\View\View->render('users/viewuser', [], true)
 5 APPPATH\Controllers\Auth.php(174): view('users/viewuser', [...])
 6 SYSTEMPATH\CodeIgniter.php(896): App\Controllers\Auth->viewUser('1')
 7 SYSTEMPATH\CodeIgniter.php(466): CodeIgniter\CodeIgniter->runController(Object(App\Controllers\Auth))
 8 SYSTEMPATH\CodeIgniter.php(349): CodeIgniter\CodeIgniter->handleRequest(null, Object(Config\Cache), false)
 9 FCPATH\index.php(55): CodeIgniter\CodeIgniter->run()
10 SYSTEMPATH\Commands\Server\rewrite.php(43): require_once('FCPATH\\index.php')
CRITICAL - 2022-06-27 22:00:41 --> Undefined variable $data
in APPPATH\Views\users\viewuser.php on line 15.
 1 APPPATH\Views\users\viewuser.php(15): CodeIgniter\Debug\Exceptions->errorHandler(2, 'Undefined variable $data', 'APPPATH\\Views\\users\\viewuser.php', 15)
 2 SYSTEMPATH\View\View.php(213): include('APPPATH\\Views\\users\\viewuser.php')
 3 SYSTEMPATH\View\View.php(216): CodeIgniter\View\View->CodeIgniter\View\{closure}()
 4 SYSTEMPATH\Common.php(1135): CodeIgniter\View\View->render('users/viewuser', [], true)
 5 APPPATH\Controllers\Auth.php(174): view('users/viewuser', [...])
 6 SYSTEMPATH\CodeIgniter.php(896): App\Controllers\Auth->viewUser('1')
 7 SYSTEMPATH\CodeIgniter.php(466): CodeIgniter\CodeIgniter->runController(Object(App\Controllers\Auth))
 8 SYSTEMPATH\CodeIgniter.php(349): CodeIgniter\CodeIgniter->handleRequest(null, Object(Config\Cache), false)
 9 FCPATH\index.php(55): CodeIgniter\CodeIgniter->run()
10 SYSTEMPATH\Commands\Server\rewrite.php(43): require_once('FCPATH\\index.php')
CRITICAL - 2022-06-27 22:04:52 --> Undefined variable $data
in APPPATH\Views\users\viewuser.php on line 16.
 1 APPPATH\Views\users\viewuser.php(16): CodeIgniter\Debug\Exceptions->errorHandler(2, 'Undefined variable $data', 'APPPATH\\Views\\users\\viewuser.php', 16)
 2 SYSTEMPATH\View\View.php(213): include('APPPATH\\Views\\users\\viewuser.php')
 3 SYSTEMPATH\View\View.php(216): CodeIgniter\View\View->CodeIgniter\View\{closure}()
 4 SYSTEMPATH\Common.php(1135): CodeIgniter\View\View->render('users/viewuser', [], true)
 5 APPPATH\Controllers\Auth.php(174): view('users/viewuser', [...])
 6 SYSTEMPATH\CodeIgniter.php(896): App\Controllers\Auth->viewUser('1')
 7 SYSTEMPATH\CodeIgniter.php(466): CodeIgniter\CodeIgniter->runController(Object(App\Controllers\Auth))
 8 SYSTEMPATH\CodeIgniter.php(349): CodeIgniter\CodeIgniter->handleRequest(null, Object(Config\Cache), false)
 9 FCPATH\index.php(55): CodeIgniter\CodeIgniter->run()
10 SYSTEMPATH\Commands\Server\rewrite.php(43): require_once('FCPATH\\index.php')
CRITICAL - 2022-06-27 22:04:55 --> Undefined variable $data
in APPPATH\Views\users\viewuser.php on line 16.
 1 APPPATH\Views\users\viewuser.php(16): CodeIgniter\Debug\Exceptions->errorHandler(2, 'Undefined variable $data', 'APPPATH\\Views\\users\\viewuser.php', 16)
 2 SYSTEMPATH\View\View.php(213): include('APPPATH\\Views\\users\\viewuser.php')
 3 SYSTEMPATH\View\View.php(216): CodeIgniter\View\View->CodeIgniter\View\{closure}()
 4 SYSTEMPATH\Common.php(1135): CodeIgniter\View\View->render('users/viewuser', [], true)
 5 APPPATH\Controllers\Auth.php(174): view('users/viewuser', [...])
 6 SYSTEMPATH\CodeIgniter.php(896): App\Controllers\Auth->viewUser('1')
 7 SYSTEMPATH\CodeIgniter.php(466): CodeIgniter\CodeIgniter->runController(Object(App\Controllers\Auth))
 8 SYSTEMPATH\CodeIgniter.php(349): CodeIgniter\CodeIgniter->handleRequest(null, Object(Config\Cache), false)
 9 FCPATH\index.php(55): CodeIgniter\CodeIgniter->run()
10 SYSTEMPATH\Commands\Server\rewrite.php(43): require_once('FCPATH\\index.php')
CRITICAL - 2022-06-27 22:29:27 --> Attempt to read property "name" on null
in APPPATH\Views\users\viewuser.php on line 16.
 1 APPPATH\Views\users\viewuser.php(16): CodeIgniter\Debug\Exceptions->errorHandler(2, 'Attempt to read property "name" on null', 'APPPATH\\Views\\users\\viewuser.php', 16)
 2 SYSTEMPATH\View\View.php(213): include('APPPATH\\Views\\users\\viewuser.php')
 3 SYSTEMPATH\View\View.php(216): CodeIgniter\View\View->CodeIgniter\View\{closure}()
 4 SYSTEMPATH\Common.php(1135): CodeIgniter\View\View->render('users/viewuser', [], true)
 5 APPPATH\Controllers\Auth.php(174): view('users/viewuser', [...])
 6 SYSTEMPATH\CodeIgniter.php(896): App\Controllers\Auth->viewUser('$id')
 7 SYSTEMPATH\CodeIgniter.php(466): CodeIgniter\CodeIgniter->runController(Object(App\Controllers\Auth))
 8 SYSTEMPATH\CodeIgniter.php(349): CodeIgniter\CodeIgniter->handleRequest(null, Object(Config\Cache), false)
 9 FCPATH\index.php(55): CodeIgniter\CodeIgniter->run()
10 SYSTEMPATH\Commands\Server\rewrite.php(43): require_once('FCPATH\\index.php')
